<?xml version="1.0" encoding="UTF-8"?>
<!DOCTYPE prt>
<!--Fluicell xml protocol file for BioZone 6 - https://www.fluicell.com/-->
<!--File created on Wed Mar 17 2021  15:50:07 -->
<Protocol version="1.0">
    <allOff value="" message=" "/>
    <setVswitch value="-165" message=" "/>
    <setVrecirc value="-240" message=" "/>
    <wait value="2" message=" "/>
    <setPoff value="15" message=" "/>
    <setPon value="80" message=" "/>
    <wait value="2" message=""/>
    <allOff value="" message=" "/>
    <solution1 value="1" message=" "/>
    <setPon value="100" message=" "/>
    <wait value="1" message=" "/>
    <setPon value="170" message=" "/>
    <setPoff value="8" message=" "/>
    <wait value="1" message=" "/>
    <setPon value="200" message=" "/>
    <wait value="1" message=" "/>
    <setPon value="275" message=" "/>
    <setPoff value="20" message=" "/>
    <wait value="2" message=" "/>
    <setPoff value="10" message=" "/>
    <setVrecirc value="-85" message=" "/>
    <setPon value="150" message=" "/>
    <setVswitch value="-100" message=" "/>
    <wait value="6" message=" "/>
    <button1 value="0" message=" "/>
    <wait value="5" message=" "/>
    <allOff value="" message=" "/>
    <setVswitch value="-165" message=" "/>
    <setVrecirc value="-240" message=" "/>
    <wait value="2" message=" "/>
    <setPoff value="15" message=" "/>
    <setPon value="80" message=" "/>
    <wait value="2" message=""/>
    <allOff value="" message=" "/>
    <solution1 value="1" message=" "/>
    <setPon value="100" message=" "/>
    <wait value="1" message=" "/>
    <setPon value="170" message=" "/>
    <setPoff value="8" message=" "/>
    <wait value="1" message=" "/>
    <setPon value="200" message=" "/>
    <wait value="1" message=" "/>
    <setPon value="275" message=" "/>
    <setPoff value="20" message=" "/>
    <wait value="2" message=" "/>
    <setPoff value="10" message=" "/>
    <setVrecirc value="-85" message=" "/>
    <setPon value="150" message=" "/>
    <setVswitch value="-100" message=" "/>
    <wait value="6" message=" "/>
    <button1 value="0" message=" "/>
    <wait value="5" message=" "/>
    <allOff value="" message=" "/>
    <setVswitch value="-165" message=" "/>
    <setVrecirc value="-240" message=" "/>
    <wait value="2" message=" "/>
    <setPoff value="15" message=" "/>
    <setPon value="80" message=" "/>
    <wait value="2" message=""/>
    <allOff value="" message=" "/>
    <solution1 value="1" message=" "/>
    <setPon value="100" message=" "/>
    <wait value="1" message=" "/>
    <setPon value="170" message=" "/>
    <setPoff value="8" message=" "/>
    <wait value="1" message=" "/>
    <setPon value="200" message=" "/>
    <wait value="1" message=" "/>
    <setPon value="275" message=" "/>
    <setPoff value="20" message=" "/>
    <wait value="2" message=" "/>
    <setPoff value="10" message=" "/>
    <setVrecirc value="-85" message=" "/>
    <setPon value="150" message=" "/>
    <setVswitch value="-100" message=" "/>
    <wait value="6" message=" "/>
    <button1 value="0" message=" "/>
    <wait value="2" message=" "/>
</Protocol>
