<?xml version="1.0" encoding="UTF-8"?>
<!DOCTYPE prt>
<!--Fluicell xml protocol file for BioZone 6 - https://www.fluicell.com/-->
<!--File created on Tue Feb 23 2021  15:27:21 -->
<Protocol version="1.0">
    <operational value="" message=" "/>
    <wait value="1" message=" "/>
    <button1 value="1" message=""/>
    <wait value="5" message=" "/>
    <button1 value="0" message=" "/>
    <button2 value="1" message=" "/>
    <wait value="5" message=" "/>
    <button2 value="0" message=" "/>
    <button3 value="1" message=" "/>
    <wait value="5" message=" "/>
    <button3 value="0" message=" "/>
    <button4 value="1" message=" "/>
    <wait value="5" message=" "/>
    <button4 value="0" message=" "/>
    <button5 value="1" message=" "/>
    <wait value="5" message=" "/>
    <button5 value="0" message=" "/>
    <button6 value="1" message=" "/>
    <wait value="5" message=" "/>
    <button6 value="0" message=" "/>
    <wait value="10" message=" "/>
    <button1 value="1" message=""/>
    <wait value="5" message=" "/>
    <button1 value="0" message=" "/>
    <button2 value="1" message=" "/>
    <wait value="5" message=" "/>
    <button2 value="0" message=" "/>
    <button3 value="1" message=" "/>
    <wait value="5" message=" "/>
    <button3 value="0" message=" "/>
    <button4 value="1" message=" "/>
    <wait value="5" message=" "/>
    <button4 value="0" message=" "/>
    <button5 value="1" message=" "/>
    <wait value="5" message=" "/>
    <button5 value="0" message=" "/>
    <button6 value="1" message=" "/>
    <wait value="5" message=" "/>
    <button6 value="0" message=" "/>
    <wait value="5" message=" "/>
    <allOff value="" message=" "/>
</Protocol>
