<?xml version="1.0" encoding="UTF-8"?>
<!DOCTYPE prt>
<!--Fluicell xml protocol file for BioZone 6 - https://www.fluicell.com/-->
<!--File created on Mon Feb 15 2021  13:47:48 -->
<Protocol version="1.0">
    <ask value="" message="Place the tip into the holder and tighten. THEN PRESS OK"/>
    <allOff value="" message="AllOff()"/>
    <pumpsOff value="" message="pumpOff"/>
    <showPopUp value="5" message=" Initializing"/>
    <wait value="5" message="sleep(5)"/>
    <setPoff value="200" message="setPon(200)"/>
    <showPopUp value="5" message="Pressurizing the system"/>
    <wait value="5" message="sleep(5)"/>
    <ask value="" message="Wait until a droplet appears at the tip. THEN PRESS OK"/>
    <showPopUp value="180" message="Purging the solution channels"/>
    <wait value="180" message="sleep(180)"/>
    <pumpsOff value="" message="allOff()"/>
    <showPopUp value="10" message="Depressurizing the tip"/>
    <wait value="10" message="sleep(10)"/>
    <ask value="" message="Remove the droplet using a lens tissue and submerge the tip in the sample solution. THEN PRESS OK"/>
    <setVswitch value="-250" message="setVswitch(-250)"/>
    <setVrecirc value="-250" message="setVrecirc(-250)"/>
    <showPopUp value="180" message="Purging the vacuum channels "/>
    <wait value="180" message="sleep(180)"/>
    <showPopUp value="6" message="Establishing operational pressures"/>
    <setPoff value="12" message="setPoff(12)"/>
    <setPon value="55" message="setPon(55)"/>
    <wait value="5" message="sleep(5)"/>
    <setVswitch value="-100" message="setVswitch(-100)"/>
    <setVrecirc value="-85" message="setVrecirc(-80)"/>
    <showPopUp value="75" message="Priming each solution"/>
    <wait value="1" message=" "/>
    <button1 value="1" message=""/>
    <wait value="5" message=" "/>
    <button1 value="0" message=" "/>
    <button2 value="1" message=" "/>
    <wait value="5" message=" "/>
    <button2 value="0" message=" "/>
    <button3 value="1" message=" "/>
    <wait value="5" message=" "/>
    <button3 value="0" message=" "/>
    <button4 value="1" message=" "/>
    <wait value="5" message=" "/>
    <button4 value="0" message=" "/>
    <button5 value="1" message=" "/>
    <wait value="5" message=" "/>
    <button5 value="0" message=" "/>
    <button6 value="1" message=" "/>
    <wait value="5" message=" "/>
    <button6 value="0" message=" "/>
    <wait value="2" message=" "/>
    <allOff value="" message=" "/>
    <ask value="" message="BZ tip is ready for operation. Press OK to start, then position the tip for operation."/>
</Protocol>
